mode: atomic
KeyValueDB/db/db.go:20.30,24.2 1 21
KeyValueDB/db/db.go:26.35,27.19 1 21
KeyValueDB/db/db.go:27.19,29.3 1 5
KeyValueDB/db/db.go:30.2,30.12 1 16
KeyValueDB/db/db.go:33.51,39.37 4 4
KeyValueDB/db/db.go:39.37,41.3 1 1
KeyValueDB/db/db.go:43.2,43.27 1 3
KeyValueDB/db/db.go:43.27,45.3 1 4
KeyValueDB/db/db.go:47.2,47.17 1 3
KeyValueDB/db/db.go:50.57,54.37 3 6
KeyValueDB/db/db.go:54.37,56.3 1 1
KeyValueDB/db/db.go:58.2,58.25 1 5
KeyValueDB/db/db.go:61.61,65.37 3 5
KeyValueDB/db/db.go:65.37,67.3 1 1
KeyValueDB/db/db.go:69.2,71.12 2 4
KeyValueDB/db/db.go:74.45,78.37 3 4
KeyValueDB/db/db.go:78.37,80.3 1 1
KeyValueDB/db/db.go:82.2,84.12 2 3
KeyValueDB/handlers/index.go:12.52,13.54 1 1
KeyValueDB/handlers/index.go:13.54,14.19 1 0
KeyValueDB/handlers/index.go:15.23,16.23 1 0
KeyValueDB/handlers/index.go:17.23,18.23 1 0
KeyValueDB/handlers/index.go:19.26,20.26 1 0
KeyValueDB/handlers/index.go:21.11,22.68 1 0
KeyValueDB/handlers/index.go:27.73,29.23 2 6
KeyValueDB/handlers/index.go:29.23,31.17 2 3
KeyValueDB/handlers/index.go:31.17,35.4 3 1
KeyValueDB/handlers/index.go:37.3,38.17 2 2
KeyValueDB/handlers/index.go:38.17,42.4 3 0
KeyValueDB/handlers/index.go:43.3,43.9 1 2
KeyValueDB/handlers/index.go:46.2,49.16 3 3
KeyValueDB/handlers/index.go:49.16,53.3 3 1
KeyValueDB/handlers/index.go:55.2,55.14 1 2
KeyValueDB/handlers/index.go:55.14,58.3 2 1
KeyValueDB/handlers/index.go:60.2,61.16 2 1
KeyValueDB/handlers/index.go:61.16,65.3 3 0
KeyValueDB/handlers/index.go:68.73,71.19 2 4
KeyValueDB/handlers/index.go:71.19,74.3 2 1
KeyValueDB/handlers/index.go:76.2,83.16 5 3
KeyValueDB/handlers/index.go:83.16,85.17 2 2
KeyValueDB/handlers/index.go:85.17,90.4 3 1
KeyValueDB/handlers/index.go:91.3,91.9 1 1
KeyValueDB/handlers/index.go:94.2,95.16 2 1
KeyValueDB/handlers/index.go:95.16,99.3 3 1
KeyValueDB/handlers/index.go:102.76,105.19 2 5
KeyValueDB/handlers/index.go:105.19,108.3 2 1
KeyValueDB/handlers/index.go:117.2,118.16 2 4
KeyValueDB/handlers/index.go:118.16,122.3 3 1
KeyValueDB/handlers/index.go:124.2,124.14 1 3
KeyValueDB/handlers/index.go:124.14,127.3 2 1
KeyValueDB/handlers/index.go:129.2,130.16 2 2
KeyValueDB/handlers/index.go:130.16,134.3 3 1
KeyValueDB/util/util.go:8.53,11.16 3 2
KeyValueDB/util/util.go:11.16,13.3 1 0
KeyValueDB/util/util.go:14.2,14.25 1 2
